2025-04-15 01:00:55,566 - views - INFO: запуск функции main_info
2025-04-15 01:00:56,591 - views - INFO: запуск функции get_currency_rates
2025-04-15 01:00:56,591 - views - INFO: Разделяем валюты запятой для запроса сразу двух валют
2025-04-15 01:00:56,591 - views - INFO: Создаем запрос через API
2025-04-15 01:01:30,708 - views - INFO: Отправляем запрос через API
2025-04-15 01:01:30,709 - views - ERROR: Ошибка при получении курса валют: 401 Client Error: Unauthorized for url: https://api.apilayer.com/exchangerates_data/latest?base=RUB&symbols=USD,EUR, возвращаем: 'rate': None
2025-04-15 01:01:30,709 - views - INFO: Получаем список валют и их курса[{'currency': 'USD', 'rate': None}, {'currency': 'EUR', 'rate': None}]
2025-04-15 01:07:59,314 - views - INFO: запуск функции main_info
2025-04-15 01:08:00,346 - views - INFO: запуск функции get_currency_rates
2025-04-15 01:08:00,346 - views - INFO: Разделяем валюты запятой для запроса сразу двух валют
2025-04-15 01:08:00,346 - views - INFO: Создаем запрос через API
2025-04-15 01:08:00,346 - views - INFO: Отправляем запрос к API currencylayer
2025-04-15 01:08:00,859 - views - INFO: Обрабатываем RUBUSD: 0.012157
2025-04-15 01:08:00,859 - views - INFO: Обрабатываем RUBEUR: 0.010707
2025-04-15 01:08:00,860 - views - INFO: Получаем список валют и их курса[{'currency': 'USD', 'rate': 0.0122}, {'currency': 'EUR', 'rate': 0.0107}]
2025-04-15 01:08:30,978 - views - INFO: запуск функции main_info
2025-04-15 01:08:31,997 - views - INFO: запуск функции get_currency_rates
2025-04-15 01:08:31,997 - views - INFO: Разделяем валюты запятой для запроса сразу двух валют
2025-04-15 01:08:31,997 - views - INFO: Создаем запрос через API
2025-04-15 01:08:31,997 - views - INFO: Отправляем запрос к API currencylayer
2025-04-15 01:08:32,485 - views - INFO: Обрабатываем RUBUSD: 0.012012
2025-04-15 01:08:32,486 - views - INFO: Обрабатываем RUBEUR: 0.010583
2025-04-15 01:08:32,486 - views - INFO: Получаем список валют и их курса[{'currency': 'USD', 'rate': 0.012}, {'currency': 'EUR', 'rate': 0.0106}]
2025-04-15 01:08:32,486 - views - INFO: запуск функции get_stock_price
2025-04-15 01:08:32,998 - views - INFO: получение данных по апи ключу
2025-04-15 01:08:32,998 - views - INFO: получаем data
2025-04-15 01:08:32,998 - views - INFO: забираем close, 202.52
2025-04-15 01:08:33,406 - views - INFO: получение данных по апи ключу
2025-04-15 01:08:33,406 - views - INFO: получаем data
2025-04-15 01:08:33,406 - views - INFO: забираем close, 182.12
2025-04-15 01:08:33,406 - views - INFO: получаем список акций и их цен {'AAPL': 202.52, 'AMZN': 182.12}
