2025-05-03 14:09:01,376 - INFO - Запуск функции отчета: spending_by_category
2025-05-03 14:09:01,376 - INFO - Анализ категории 'Супермаркеты' на дату '31.12.2021'
2025-05-03 14:09:01,381 - INFO - Категория: Супермаркеты, сумма за 3 месяца: 25902.98
2025-05-03 14:09:01,381 - ERROR - Ошибка при сохранении отчета: Object of type DataFrame is not JSON serializable
2025-04-10 03:00:00,000 - INFO - Запуск функции отчета: spending_by_category
2025-04-10 03:00:00,000 - INFO - Анализ категории 'Кафе' на дату 'None'
2025-05-03 16:23:36,438 - INFO - Запуск функции отчета: spending_by_category
2025-05-03 16:23:36,441 - INFO - Анализ категории 'Супермаркеты' на дату '31.12.2021'
2025-05-03 16:23:36,449 - INFO - Категория: Супермаркеты, сумма за 3 месяца: 25902.98
2025-05-03 16:23:36,450 - INFO - Отчет сохранён: data/spending_by_category_20250503_162336.json
2025-04-10 03:00:00,000 - INFO - Запуск функции отчета: spending_by_category
2025-04-10 03:00:00,000 - INFO - Анализ категории 'Кафе' на дату 'None'
2025-04-10 03:00:00,000 - INFO - Категория: Кафе, сумма за 3 месяца: 1800.49
2025-04-10 03:00:00,000 - INFO - Отчет сохранён: data/spending_by_category_20250410_000000.json
2025-05-03 16:23:47,647 - INFO - Запуск функции отчета: spending_by_category
2025-05-03 16:23:47,647 - INFO - Анализ категории 'Кафе' на дату '10.04.2025'
2025-05-03 16:23:47,651 - INFO - Категория: Кафе, сумма за 3 месяца: 1800.49
2025-05-03 16:23:47,651 - INFO - Отчет сохранён: data/spending_by_category_20250503_162347.json
2025-05-03 16:27:15,226 - INFO - Запуск функции отчета: spending_by_category
2025-05-03 16:27:15,226 - INFO - Анализ категории 'Кафе' на дату '10.04.2025'
2025-05-03 16:27:15,233 - INFO - Категория: Кафе, сумма за 3 месяца: 1800.49
2025-05-03 16:27:15,233 - INFO - Отчет сохранён: data/spending_by_category_report.json
2025-05-03 16:27:24,858 - INFO - Запуск функции отчета: spending_by_category
2025-05-03 16:27:24,858 - INFO - Анализ категории 'Супермаркеты' на дату '31.12.2021'
2025-05-03 16:27:24,867 - INFO - Категория: Супермаркеты, сумма за 3 месяца: 25902.98
2025-05-03 16:27:24,868 - INFO - Отчет сохранён: data/spending_by_category_report.json
